This is pdfTeX, Version 3.14159265-2.6-1.40.21 (MiKTeX 2.9.7440 64-bit) (preloaded format=pdflatex 2020.6.12)  27 JUN 2020 18:37
entering extended mode
**c:/Users/michas/Desktop/modelowanie_PD/xd.tex
(c:/Users/michas/Desktop/modelowanie_PD/xd.tex
LaTeX2e <2020-02-02> patch level 5
L3 programming layer <2020-06-03> ("C:\Users\michas\AppData\Local\Programs\MiKTeX 2.9\tex/latex/extsizes\extarticle.cls"
Document Class: extarticle 1996/10/08 v1.0 Non Standard LaTeX document class
("C:\Users\michas\AppData\Local\Programs\MiKTeX 2.9\tex/latex/base\size12.clo"
File: size12.clo 2019/12/20 v1.4l Standard LaTeX file (size option)
) ("C:\Users\michas\AppData\Local\Programs\MiKTeX 2.9\tex/latex/base\exscale.sty"
Package: exscale 2018/09/24 v2.1i Standard LaTeX package exscale
LaTeX Font Info:    Redeclaring symbol font `largesymbols' on input line 57.
LaTeX Font Info:    Overwriting symbol font `largesymbols' in version `normal'
(Font)                  OMX/cmex/m/n --> OMX/cmex/m/n on input line 57.
LaTeX Font Info:    Overwriting symbol font `largesymbols' in version `bold'
(Font)                  OMX/cmex/m/n --> OMX/cmex/m/n on input line 57.
\big@size=\dimen134
)
\c@part=\count167
\c@section=\count168
\c@subsection=\count169
\c@subsubsection=\count170
\c@paragraph=\count171
\c@subparagraph=\count172
\c@figure=\count173
\c@table=\count174
\abovecaptionskip=\skip47
\belowcaptionskip=\skip48
\bibindent=\dimen135
) ("C:\Users\michas\AppData\Local\Programs\MiKTeX 2.9\tex/latex/base\fontenc.sty"
Package: fontenc 2020/02/11 v2.0o Standard LaTeX package
) ("C:\Users\michas\AppData\Local\Programs\MiKTeX 2.9\tex/latex/base\inputenc.sty"
Package: inputenc 2018/08/11 v1.3c Input encoding file
\inpenc@prehook=\toks15
\inpenc@posthook=\toks16
) ("C:\Users\michas\AppData\Local\Programs\MiKTeX 2.9\tex/latex/systeme\systeme.sty" ("C:\Users\michas\AppData\Local\Programs\MiKTeX 2.9\tex/latex/xstring\xstring.sty" ("C:\Users\michas\AppData\Local\Programs\MiKTeX 2.9\tex/generic/xstring\xstring.tex"
\integerpart=\count175
\decimalpart=\count176
)
Package: xstring 2019/02/06 v1.83 String manipulations (CT)
) ("C:\Users\michas\AppData\Local\Programs\MiKTeX 2.9\tex/generic/systeme\systeme.tex"
\SYS_systemecode=\toks17
\SYS_systempreamble=\toks18
\SYSeqnum=\count177
)
Package: systeme 2020/05/03 v0.34 Mise en forme de systemes d'equations (CT)
) ("C:\Users\michas\AppData\Local\Programs\MiKTeX 2.9\tex/latex/mathtools\mathtools.sty"
Package: mathtools 2020/03/24 v1.24 mathematical typesetting tools
 ("C:\Users\michas\AppData\Local\Programs\MiKTeX 2.9\tex/latex/graphics\keyval.sty"
Package: keyval 2014/10/28 v1.15 key=value parser (DPC)
\KV@toks@=\toks19
) ("C:\Users\michas\AppData\Local\Programs\MiKTeX 2.9\tex/latex/tools\calc.sty"
Package: calc 2017/05/25 v4.3 Infix arithmetic (KKT,FJ)
\calc@Acount=\count178
\calc@Bcount=\count179
\calc@Adimen=\dimen136
\calc@Bdimen=\dimen137
\calc@Askip=\skip49
\calc@Bskip=\skip50
LaTeX Info: Redefining \setlength on input line 80.
LaTeX Info: Redefining \addtolength on input line 81.
\calc@Ccount=\count180
\calc@Cskip=\skip51
) ("C:\Users\michas\AppData\Local\Programs\MiKTeX 2.9\tex/latex/mathtools\mhsetup.sty"
Package: mhsetup 2017/03/31 v1.3 programming setup (MH)
) ("C:\Users\michas\AppData\Local\Programs\MiKTeX 2.9\tex/latex/amsmath\amsmath.sty"
Package: amsmath 2020/01/20 v2.17e AMS math features
\@mathmargin=\skip52

For additional information on amsmath, use the `?' option.
("C:\Users\michas\AppData\Local\Programs\MiKTeX 2.9\tex/latex/amsmath\amstext.sty"
Package: amstext 2000/06/29 v2.01 AMS text
 ("C:\Users\michas\AppData\Local\Programs\MiKTeX 2.9\tex/latex/amsmath\amsgen.sty"
File: amsgen.sty 1999/11/30 v2.0 generic functions
\@emptytoks=\toks20
\ex@=\dimen138
)) ("C:\Users\michas\AppData\Local\Programs\MiKTeX 2.9\tex/latex/amsmath\amsbsy.sty"
Package: amsbsy 1999/11/29 v1.2d Bold Symbols
\pmbraise@=\dimen139
) ("C:\Users\michas\AppData\Local\Programs\MiKTeX 2.9\tex/latex/amsmath\amsopn.sty"
Package: amsopn 2016/03/08 v2.02 operator names
)
\inf@bad=\count181
LaTeX Info: Redefining \frac on input line 227.
\uproot@=\count182
\leftroot@=\count183
LaTeX Info: Redefining \overline on input line 389.
\classnum@=\count184
\DOTSCASE@=\count185
LaTeX Info: Redefining \ldots on input line 486.
LaTeX Info: Redefining \dots on input line 489.
LaTeX Info: Redefining \cdots on input line 610.
\Mathstrutbox@=\box45
\strutbox@=\box46
\big@size=\dimen140
LaTeX Font Info:    Redeclaring font encoding OML on input line 733.
LaTeX Font Info:    Redeclaring font encoding OMS on input line 734.
\macc@depth=\count186
\c@MaxMatrixCols=\count187
\dotsspace@=\muskip16
\c@parentequation=\count188
\dspbrk@lvl=\count189
\tag@help=\toks21
\row@=\count190
\column@=\count191
\maxfields@=\count192
\andhelp@=\toks22
\eqnshift@=\dimen141
\alignsep@=\dimen142
\tagshift@=\dimen143
\tagwidth@=\dimen144
\totwidth@=\dimen145
\lineht@=\dimen146
\@envbody=\toks23
\multlinegap=\skip53
\multlinetaggap=\skip54
\mathdisplay@stack=\toks24
LaTeX Info: Redefining \[ on input line 2859.
LaTeX Info: Redefining \] on input line 2860.
)
LaTeX Info: Thecontrolsequence`\('isalreadyrobust on input line 130.
LaTeX Info: Thecontrolsequence`\)'isalreadyrobust on input line 130.
LaTeX Info: Thecontrolsequence`\['isalreadyrobust on input line 130.
LaTeX Info: Thecontrolsequence`\]'isalreadyrobust on input line 130.
\g_MT_multlinerow_int=\count193
\l_MT_multwidth_dim=\dimen147
\origjot=\skip55
\l_MT_shortvdotswithinadjustabove_dim=\dimen148
\l_MT_shortvdotswithinadjustbelow_dim=\dimen149
\l_MT_above_intertext_sep=\dimen150
\l_MT_below_intertext_sep=\dimen151
\l_MT_above_shortintertext_sep=\dimen152
\l_MT_below_shortintertext_sep=\dimen153
\xmathstrut@box=\box47
\xmathstrut@dim=\dimen154
) ("C:\Users\michas\AppData\Local\Programs\MiKTeX 2.9\tex/latex/geometry\geometry.sty"
Package: geometry 2020/01/02 v5.9 Page Geometry
 ("C:\Users\michas\AppData\Local\Programs\MiKTeX 2.9\tex/generic/iftex\ifvtex.sty"
Package: ifvtex 2019/10/25 v1.7 ifvtex legacy package. Use iftex instead.
 ("C:\Users\michas\AppData\Local\Programs\MiKTeX 2.9\tex/generic/iftex\iftex.sty"
Package: iftex 2020/03/06 v1.0d TeX engine tests
))
\Gm@cnth=\count194
\Gm@cntv=\count195
\c@Gm@tempcnt=\count196
\Gm@bindingoffset=\dimen155
\Gm@wd@mp=\dimen156
\Gm@odd@mp=\dimen157
\Gm@even@mp=\dimen158
\Gm@layoutwidth=\dimen159
\Gm@layoutheight=\dimen160
\Gm@layouthoffset=\dimen161
\Gm@layoutvoffset=\dimen162
\Gm@dimlist=\toks25
 ("C:\Users\michas\AppData\Local\Programs\MiKTeX 2.9\tex/latex/geometry\geometry.cfg")) ("C:\Users\michas\AppData\Local\Programs\MiKTeX 2.9\tex/latex/l3backend\l3backend-pdfmode.def"
File: l3backend-pdfmode.def 2020-06-03 L3 backend support: PDF mode
\l__kernel_color_stack_int=\count197
\l__pdf_internal_box=\box48
) (c:/Users\michas\Desktop\modelowanie_PD\xd.aux)
\openout1 = `xd.aux'.

LaTeX Font Info:    Checking defaults for OML/cmm/m/it on input line 44.
LaTeX Font Info:    ... okay on input line 44.
LaTeX Font Info:    Checking defaults for OMS/cmsy/m/n on input line 44.
LaTeX Font Info:    ... okay on input line 44.
LaTeX Font Info:    Checking defaults for OT1/cmr/m/n on input line 44.
LaTeX Font Info:    ... okay on input line 44.
LaTeX Font Info:    Checking defaults for T1/cmr/m/n on input line 44.
LaTeX Font Info:    ... okay on input line 44.
LaTeX Font Info:    Checking defaults for TS1/cmr/m/n on input line 44.
LaTeX Font Info:    ... okay on input line 44.
LaTeX Font Info:    Checking defaults for OMX/cmex/m/n on input line 44.
LaTeX Font Info:    ... okay on input line 44.
LaTeX Font Info:    Checking defaults for U/cmr/m/n on input line 44.
LaTeX Font Info:    ... okay on input line 44.
 ("C:\Users\michas\AppData\Local\Programs\MiKTeX 2.9\tex/latex/graphics\graphicx.sty"
Package: graphicx 2019/11/30 v1.2a Enhanced LaTeX Graphics (DPC,SPQR)
 ("C:\Users\michas\AppData\Local\Programs\MiKTeX 2.9\tex/latex/graphics\graphics.sty"
Package: graphics 2019/11/30 v1.4a Standard LaTeX Graphics (DPC,SPQR)
 ("C:\Users\michas\AppData\Local\Programs\MiKTeX 2.9\tex/latex/graphics\trig.sty"
Package: trig 2016/01/03 v1.10 sin cos tan (DPC)
) ("C:\Users\michas\AppData\Local\Programs\MiKTeX 2.9\tex/latex/graphics-cfg\graphics.cfg"
File: graphics.cfg 2016/06/04 v1.11 sample graphics configuration
)
Package graphics Info: Driver file: pdftex.def on input line 105.
 ("C:\Users\michas\AppData\Local\Programs\MiKTeX 2.9\tex/latex/graphics-def\pdftex.def"
File: pdftex.def 2018/01/08 v1.0l Graphics/color driver for pdftex
 ("C:\Users\michas\AppData\Local\Programs\MiKTeX 2.9\tex/context/base/mkii\supp-pdf.mkii"
[Loading MPS to PDF converter (version 2006.09.02).]
\scratchcounter=\count198
\scratchdimen=\dimen163
\scratchbox=\box49
\nofMPsegments=\count199
\nofMParguments=\count266
\everyMPshowfont=\toks26
\MPscratchCnt=\count267
\MPscratchDim=\dimen164
\MPnumerator=\count268
\makeMPintoPDFobject=\count269
\everyMPtoPDFconversion=\toks27
))) ("C:\Users\michas\AppData\Local\Programs\MiKTeX 2.9\tex/latex/epstopdf-pkg\epstopdf-base.sty"
Package: epstopdf-base 2020-01-24 v2.11 Base part for package epstopdf
Package epstopdf-base Info: Redefining graphics rule for `.eps' on input line 485.
)
\Gin@req@height=\dimen165
\Gin@req@width=\dimen166
)
*geometry* driver: auto-detecting
*geometry* detected driver: pdftex
*geometry* verbose mode - [ preamble ] result:
* driver: pdftex
* paper: a4paper
* layout: <same size as paper>
* layoutoffset:(h,v)=(0.0pt,0.0pt)
* modes: 
* h-part:(L,W,R)=(56.9055pt, 483.69684pt, 56.90553pt)
* v-part:(T,H,B)=(85.35826pt, 702.78307pt, 56.90552pt)
* \paperwidth=597.50787pt
* \paperheight=845.04684pt
* \textwidth=483.69684pt
* \textheight=702.78307pt
* \oddsidemargin=-15.36449pt
* \evensidemargin=-15.36449pt
* \topmargin=-23.91173pt
* \headheight=12.0pt
* \headsep=25.0pt
* \topskip=12.0pt
* \footskip=30.0pt
* \marginparwidth=35.0pt
* \marginparsep=10.0pt
* \columnsep=10.0pt
* \skip\footins=10.8pt plus 4.0pt minus 2.0pt
* \hoffset=0.0pt
* \voffset=0.0pt
* \mag=1000
* \@twocolumnfalse
* \@twosidefalse
* \@mparswitchfalse
* \@reversemarginfalse
* (1in=72.27pt=25.4mm, 1cm=28.453pt)

[1

{C:/Users/michas/AppData/Local/MiKTeX/2.9/pdftex/config/pdftex.map}]
Underfull \hbox (badness 10000) in paragraph at lines 50--51

 []

[2]
Overfull \hbox (16.41978pt too wide) in paragraph at lines 72--72
[]\T1/cmr/bx/n/17.28 Matematyczny opis is-tot-nych zwi¡zków mi¦dzy wybranymi
 []


Overfull \hbox (6.80629pt too wide) in paragraph at lines 81--84
[]$\OML/cmm/m/it/12 R[]$ \T1/cmr/m/n/12 : Spoczynkowe wspóªczyn-nik en-ergii pro-ce-sora musi by¢ ni»szy lub równy ni» wspóªczyn-
 []


Overfull \hbox (13.9004pt too wide) in paragraph at lines 91--96
\OML/cmm/m/it/12 R[] \OT1/cmr/m/n/12 = \OMS/cmsy/m/n/12 f\OML/cmm/m/it/12 < \OMS/cmsy/m/n/12 f\OML/cmm/m/it/12 W[]\OMS/cmsy/m/n/12 g[]\OML/cmm/m/it/12 ; \OMS/cmsy/m/n/12 f\OML/cmm/m/it/12 P\OMS/cmsy/m/n/12 g[]\OML/cmm/m/it/12 ; J; ; \OMS/cmsy/m/n/12 f\OML/cmm/m/it/12 L\OMS/cmsy/m/n/12 g[]\OML/cmm/m/it/12 ; \OMS/cmsy/m/n/12 f\OML/cmm/m/it/12 !\OMS/cmsy/m/n/12 g[]\OML/cmm/m/it/12 ; \OMS/cmsy/m/n/12 ff\OML/cmm/m/it/12 M\OMS/cmsy/m/n/12 g[]g[] \OML/cmm/m/it/12 >\OMS/cmsy/m/n/12 2\OML/cmm/m/it/12 < N[]; N[]; N[] >
 []


Overfull \hbox (37.54695pt too wide) in paragraph at lines 97--102
\OML/cmm/m/it/12 < \OMS/cmsy/m/n/12 f\OML/cmm/m/it/12 P\OMS/cmsy/m/n/12 g[]\OML/cmm/m/it/12 ; \OMS/cmsy/m/n/12 ff\OML/cmm/m/it/12 M\OMS/cmsy/m/n/12 g[]g[]\OML/cmm/m/it/12 ; \OMS/cmsy/m/n/12 f\OML/cmm/m/it/12 E\OMS/cmsy/m/n/12 g[]\OML/cmm/m/it/12 ; \OMS/cmsy/m/n/12 f\OML/cmm/m/it/12 E[]\OMS/cmsy/m/n/12 g[]\OML/cmm/m/it/12 ; ; \OMS/cmsy/m/n/12 f\OML/cmm/m/it/12 !\OMS/cmsy/m/n/12 g[]\OML/cmm/m/it/12 ; K >\OMS/cmsy/m/n/12 2\OML/cmm/m/it/12 < N[]; N[]; N[]; N[]; N[]; N[] >\OT1/cmr/m/n/12 :
 []

[3]
Overfull \hbox (16.31482pt too wide) in paragraph at lines 114--115
$\OML/cmm/m/it/12 a \OT1/cmr/m/n/12 = \OMS/cmsy/m/n/12 f\OML/cmm/m/it/12 < \OMS/cmsy/m/n/12 f\OML/cmm/m/it/12 P\OMS/cmsy/m/n/12 g[]\OML/cmm/m/it/12 ; \OMS/cmsy/m/n/12 f\OML/cmm/m/it/12 W\OMS/cmsy/m/n/12 g[]\OML/cmm/m/it/12 ; \OMS/cmsy/m/n/12 f\OML/cmm/m/it/12 Z\OMS/cmsy/m/n/12 g[]\OML/cmm/m/it/12 ; \OMS/cmsy/m/n/12 f\OML/cmm/m/it/12 L\OMS/cmsy/m/n/12 g[]\OML/cmm/m/it/12 ; \OMS/cmsy/m/n/12 f\OML/cmm/m/it/12 E[]\OMS/cmsy/m/n/12 g[]\OML/cmm/m/it/12 ; \OMS/cmsy/m/n/12 f\OML/cmm/m/it/12 E[]\OMS/cmsy/m/n/12 g[]\OML/cmm/m/it/12 ; \OMS/cmsy/m/n/12 f\OML/cmm/m/it/12 W[]\OMS/cmsy/m/n/12 g[]\OML/cmm/m/it/12 ; \OMS/cmsy/m/n/12 f\OML/cmm/m/it/12 Wy\OMS/cmsy/m/n/12 g[]\OML/cmm/m/it/12 ; \OMS/cmsy/m/n/12 f\OML/cmm/m/it/12 !\OMS/cmsy/m/n/12 g[]\OML/cmm/m/it/12 ; \OMS/cmsy/m/n/12 f\OML/cmm/m/it/12 L\OMS/cmsy/m/n/12 g[]\OML/cmm/m/it/12 ;  >
 []

[4]
Overfull \hbox (18.95508pt too wide) in paragraph at lines 140--143
$\OML/cmm/m/it/12 A \OT1/cmr/m/n/12 = \OMS/cmsy/m/n/12 f\OML/cmm/m/it/12 < \OMS/cmsy/m/n/12 f\OML/cmm/m/it/12 P\OMS/cmsy/m/n/12 g[]\OML/cmm/m/it/12 ; \OMS/cmsy/m/n/12 f\OML/cmm/m/it/12 W\OMS/cmsy/m/n/12 g[]\OML/cmm/m/it/12 ; \OMS/cmsy/m/n/12 f\OML/cmm/m/it/12 Z\OMS/cmsy/m/n/12 g[]\OML/cmm/m/it/12 ; \OMS/cmsy/m/n/12 f\OML/cmm/m/it/12 L\OMS/cmsy/m/n/12 g[]\OML/cmm/m/it/12 ; \OMS/cmsy/m/n/12 f\OML/cmm/m/it/12 E[]\OMS/cmsy/m/n/12 g[]\OML/cmm/m/it/12 ; \OMS/cmsy/m/n/12 f\OML/cmm/m/it/12 E[]\OMS/cmsy/m/n/12 g[]\OML/cmm/m/it/12 ; \OMS/cmsy/m/n/12 f\OML/cmm/m/it/12 W[]\OMS/cmsy/m/n/12 g[]\OML/cmm/m/it/12 ; \OMS/cmsy/m/n/12 f\OML/cmm/m/it/12 Wy\OMS/cmsy/m/n/12 g[]\OML/cmm/m/it/12 ; \OMS/cmsy/m/n/12 f\OML/cmm/m/it/12 !\OMS/cmsy/m/n/12 g[]\OML/cmm/m/it/12 ; \OMS/cmsy/m/n/12 f\OML/cmm/m/it/12 L\OMS/cmsy/m/n/12 g[]\OML/cmm/m/it/12 ;  >
 []

[5] (c:/Users\michas\Desktop\modelowanie_PD\xd.aux) ) 
Here is how much of TeX's memory you used:
 3580 strings out of 480797
 54134 string characters out of 2895106
 305617 words of memory out of 3000000
 19554 multiletter control sequences out of 15000+200000
 542073 words of font info for 48 fonts, out of 3000000 for 9000
 1141 hyphenation exceptions out of 8191
 37i,8n,31p,670b,226s stack positions out of 5000i,500n,10000p,200000b,50000s
 <C:\Users\michas\AppData\Local\MiKTeX\2.9\fonts/pk/ljfour/jknappen/ec/dpi600\tcrm1200.pk> <C:\Users\michas\AppData\Local\MiKTeX\2.9\fonts/pk/ljfour/jknappen/ec/dpi600\ecbx1728.pk> <C:\Users\michas\AppData\Local\MiKTeX\2.9\fonts/pk/ljfour/jknappen/ec/dpi600\ecrm1200.pk> <C:\Users\michas\AppData\Local\MiKTeX\2.9\fonts/pk/ljfour/jknappen/ec/dpi600\ecbx1440.pk> <C:\Users\michas\AppData\Local\MiKTeX\2.9\fonts/pk/ljfour/jknappen/ec/dpi600\ecrm1440.pk> <C:\Users\michas\AppData\Local\MiKTeX\2.9\fonts/pk/ljfour/jknappen/ec/dpi600\ecrm2074.pk><C:/Users/michas/AppData/Local/Programs/MiKTeX 2.9/fonts/type1/public/amsfonts/cm/cmex10.pfb><C:/Users/michas/AppData/Local/Programs/MiKTeX 2.9/fonts/type1/public/amsfonts/cm/cmmi12.pfb><C:/Users/michas/AppData/Local/Programs/MiKTeX 2.9/fonts/type1/public/amsfonts/cm/cmmi6.pfb><C:/Users/michas/AppData/Local/Programs/MiKTeX 2.9/fonts/type1/public/amsfonts/cm/cmmi8.pfb><C:/Users/michas/AppData/Local/Programs/MiKTeX 2.9/fonts/type1/public/amsfonts/cm/cmr12.pfb><C:/Users/michas/AppData/Local/Programs/MiKTeX 2.9/fonts/type1/public/amsfonts/cm/cmr8.pfb><C:/Users/michas/AppData/Local/Programs/MiKTeX 2.9/fonts/type1/public/amsfonts/cm/cmsy10.pfb><C:/Users/michas/AppData/Local/Programs/MiKTeX 2.9/fonts/type1/public/amsfonts/cm/cmsy6.pfb><C:/Users/michas/AppData/Local/Programs/MiKTeX 2.9/fonts/type1/public/amsfonts/cm/cmsy8.pfb>
Output written on c:/Users\michas\Desktop\modelowanie_PD\xd.pdf (5 pages, 177214 bytes).
PDF statistics:
 266 PDF objects out of 1000 (max. 8388607)
 0 named destinations out of 1000 (max. 500000)
 1 words of extra memory for PDF output out of 10000 (max. 10000000)

